Analysis & Synthesis report for dpll
Wed Sep 08 19:31:56 2021
Quartus II 64-Bit Version 15.0.0 Build 145 04/22/2015 SJ Full Version


---------------------
; Table of Contents ;
---------------------
  1. Legal Notice
  2. Analysis & Synthesis Summary
  3. Analysis & Synthesis Settings
  4. Parallel Compilation
  5. Analysis & Synthesis Source Files Read
  6. Analysis & Synthesis Resource Usage Summary
  7. Analysis & Synthesis Resource Utilization by Entity
  8. Registers Removed During Synthesis
  9. General Register Statistics
 10. Inverted Register Statistics
 11. Multiplexer Restructuring Statistics (Restructuring Performed)
 12. Parameter Settings for User Entity Instance: Top-level Entity: |dpll
 13. Parameter Settings for User Entity Instance: variableresetrandomwalkfilter:inst_zrwf
 14. Parameter Settings for User Entity Instance: variableresetrandomwalkfilter:inst_zrwf|randomwalkfilter:inst_M_F
 15. Parameter Settings for User Entity Instance: freqdivider:inst_freqdiv
 16. Parameter Settings for Inferred Entity Instance: lpm_divide:Div0
 17. Port Connectivity Checks: "freqdivider:inst_freqdiv"
 18. Port Connectivity Checks: "variableresetrandomwalkfilter:inst_zrwf"
 19. Post-Synthesis Netlist Statistics for Top Partition
 20. Elapsed Time Per Partition
 21. Analysis & Synthesis Messages
 22. Analysis & Synthesis Suppressed Messages



----------------
; Legal Notice ;
----------------
Copyright (C) 1991-2015 Altera Corporation. All rights reserved.
Your use of Altera Corporation's design tools, logic functions 
and other software and tools, and its AMPP partner logic 
functions, and any output files from any of the foregoing 
(including device programming or simulation files), and any 
associated documentation or information are expressly subject 
to the terms and conditions of the Altera Program License 
Subscription Agreement, the Altera Quartus II License Agreement,
the Altera MegaCore Function License Agreement, or other 
applicable license agreement, including, without limitation, 
that your use is for the sole purpose of programming logic 
devices manufactured by Altera and sold by Altera or its 
authorized distributors.  Please refer to the applicable 
agreement for further details.



+----------------------------------------------------------------------------------+
; Analysis & Synthesis Summary                                                     ;
+------------------------------------+---------------------------------------------+
; Analysis & Synthesis Status        ; Successful - Wed Sep 08 19:31:56 2021       ;
; Quartus II 64-Bit Version          ; 15.0.0 Build 145 04/22/2015 SJ Full Version ;
; Revision Name                      ; dpll                                        ;
; Top-level Entity Name              ; dpll                                        ;
; Family                             ; Cyclone IV E                                ;
; Total logic elements               ; 210                                         ;
;     Total combinational functions  ; 196                                         ;
;     Dedicated logic registers      ; 63                                          ;
; Total registers                    ; 63                                          ;
; Total pins                         ; 27                                          ;
; Total virtual pins                 ; 0                                           ;
; Total memory bits                  ; 0                                           ;
; Embedded Multiplier 9-bit elements ; 0                                           ;
; Total PLLs                         ; 0                                           ;
+------------------------------------+---------------------------------------------+


+----------------------------------------------------------------------------------------------------------------------+
; Analysis & Synthesis Settings                                                                                        ;
+----------------------------------------------------------------------------+--------------------+--------------------+
; Option                                                                     ; Setting            ; Default Value      ;
+----------------------------------------------------------------------------+--------------------+--------------------+
; Device                                                                     ; EP4CE15F17C8       ;                    ;
; Top-level entity name                                                      ; dpll               ; dpll               ;
; Family name                                                                ; Cyclone IV E       ; Cyclone V          ;
; Use smart compilation                                                      ; Off                ; Off                ;
; Enable parallel Assembler and TimeQuest Timing Analyzer during compilation ; On                 ; On                 ;
; Enable compact report table                                                ; Off                ; Off                ;
; Restructure Multiplexers                                                   ; Auto               ; Auto               ;
; Create Debugging Nodes for IP Cores                                        ; Off                ; Off                ;
; Preserve fewer node names                                                  ; On                 ; On                 ;
; Disable OpenCore Plus hardware evaluation                                  ; Off                ; Off                ;
; Verilog Version                                                            ; Verilog_2001       ; Verilog_2001       ;
; VHDL Version                                                               ; VHDL_1993          ; VHDL_1993          ;
; State Machine Processing                                                   ; Auto               ; Auto               ;
; Safe State Machine                                                         ; Off                ; Off                ;
; Extract Verilog State Machines                                             ; On                 ; On                 ;
; Extract VHDL State Machines                                                ; On                 ; On                 ;
; Ignore Verilog initial constructs                                          ; Off                ; Off                ;
; Iteration limit for constant Verilog loops                                 ; 5000               ; 5000               ;
; Iteration limit for non-constant Verilog loops                             ; 250                ; 250                ;
; Add Pass-Through Logic to Inferred RAMs                                    ; On                 ; On                 ;
; Infer RAMs from Raw Logic                                                  ; On                 ; On                 ;
; Parallel Synthesis                                                         ; On                 ; On                 ;
; DSP Block Balancing                                                        ; Auto               ; Auto               ;
; NOT Gate Push-Back                                                         ; On                 ; On                 ;
; Power-Up Don't Care                                                        ; On                 ; On                 ;
; Remove Redundant Logic Cells                                               ; Off                ; Off                ;
; Remove Duplicate Registers                                                 ; On                 ; On                 ;
; Ignore CARRY Buffers                                                       ; Off                ; Off                ;
; Ignore CASCADE Buffers                                                     ; Off                ; Off                ;
; Ignore GLOBAL Buffers                                                      ; Off                ; Off                ;
; Ignore ROW GLOBAL Buffers                                                  ; Off                ; Off                ;
; Ignore LCELL Buffers                                                       ; Off                ; Off                ;
; Ignore SOFT Buffers                                                        ; On                 ; On                 ;
; Limit AHDL Integers to 32 Bits                                             ; Off                ; Off                ;
; Optimization Technique                                                     ; Balanced           ; Balanced           ;
; Carry Chain Length                                                         ; 70                 ; 70                 ;
; Auto Carry Chains                                                          ; On                 ; On                 ;
; Auto Open-Drain Pins                                                       ; On                 ; On                 ;
; Perform WYSIWYG Primitive Resynthesis                                      ; Off                ; Off                ;
; Auto ROM Replacement                                                       ; On                 ; On                 ;
; Auto RAM Replacement                                                       ; On                 ; On                 ;
; Auto DSP Block Replacement                                                 ; On                 ; On                 ;
; Auto Shift Register Replacement                                            ; Auto               ; Auto               ;
; Allow Shift Register Merging across Hierarchies                            ; Auto               ; Auto               ;
; Auto Clock Enable Replacement                                              ; On                 ; On                 ;
; Strict RAM Replacement                                                     ; Off                ; Off                ;
; Allow Synchronous Control Signals                                          ; On                 ; On                 ;
; Force Use of Synchronous Clear Signals                                     ; Off                ; Off                ;
; Auto RAM Block Balancing                                                   ; On                 ; On                 ;
; Auto RAM to Logic Cell Conversion                                          ; Off                ; Off                ;
; Auto Resource Sharing                                                      ; Off                ; Off                ;
; Allow Any RAM Size For Recognition                                         ; Off                ; Off                ;
; Allow Any ROM Size For Recognition                                         ; Off                ; Off                ;
; Allow Any Shift Register Size For Recognition                              ; Off                ; Off                ;
; Use LogicLock Constraints during Resource Balancing                        ; On                 ; On                 ;
; Ignore translate_off and synthesis_off directives                          ; Off                ; Off                ;
; Timing-Driven Synthesis                                                    ; On                 ; On                 ;
; Report Parameter Settings                                                  ; On                 ; On                 ;
; Report Source Assignments                                                  ; On                 ; On                 ;
; Report Connectivity Checks                                                 ; On                 ; On                 ;
; Ignore Maximum Fan-Out Assignments                                         ; Off                ; Off                ;
; Synchronization Register Chain Length                                      ; 2                  ; 2                  ;
; PowerPlay Power Optimization During Synthesis                              ; Normal compilation ; Normal compilation ;
; HDL message level                                                          ; Level2             ; Level2             ;
; Suppress Register Optimization Related Messages                            ; Off                ; Off                ;
; Number of Removed Registers Reported in Synthesis Report                   ; 5000               ; 5000               ;
; Number of Swept Nodes Reported in Synthesis Report                         ; 5000               ; 5000               ;
; Number of Inverted Registers Reported in Synthesis Report                  ; 100                ; 100                ;
; Clock MUX Protection                                                       ; On                 ; On                 ;
; Auto Gated Clock Conversion                                                ; Off                ; Off                ;
; Block Design Naming                                                        ; Auto               ; Auto               ;
; SDC constraint protection                                                  ; Off                ; Off                ;
; Synthesis Effort                                                           ; Auto               ; Auto               ;
; Shift Register Replacement - Allow Asynchronous Clear Signal               ; On                 ; On                 ;
; Pre-Mapping Resynthesis Optimization                                       ; Off                ; Off                ;
; Analysis & Synthesis Message Level                                         ; Medium             ; Medium             ;
; Disable Register Merging Across Hierarchies                                ; Auto               ; Auto               ;
; Resource Aware Inference For Block RAM                                     ; On                 ; On                 ;
; Synthesis Seed                                                             ; 1                  ; 1                  ;
+----------------------------------------------------------------------------+--------------------+--------------------+


+------------------------------------------+
; Parallel Compilation                     ;
+----------------------------+-------------+
; Processors                 ; Number      ;
+----------------------------+-------------+
; Number detected on machine ; 12          ;
; Maximum allowed            ; 6           ;
;                            ;             ;
; Average used               ; 1.00        ;
; Maximum used               ; 1           ;
;                            ;             ;
; Usage by Processor         ; % Time Used ;
;     Processor 1            ; 100.0%      ;
;     Processors 2-12        ;   0.0%      ;
+----------------------------+-------------+


+--------------------------------------------------------------------------------------------------------------------------------------------------------------------------------------------+
; Analysis & Synthesis Source Files Read                                                                                                                                                     ;
+----------------------------------------+-----------------+------------------------------+----------------------------------------------------------------------------------------+---------+
; File Name with User-Entered Path       ; Used in Netlist ; File Type                    ; File Name with Absolute Path                                                           ; Library ;
+----------------------------------------+-----------------+------------------------------+----------------------------------------------------------------------------------------+---------+
; source/dpll.v                          ; yes             ; User Verilog HDL File        ; D:/comber/ADPLL/source/dpll.v                                                          ;         ;
; source/freqdivider.v                   ; yes             ; User Verilog HDL File        ; D:/comber/ADPLL/source/freqdivider.v                                                   ;         ;
; source/phasecomparator.v               ; yes             ; User Verilog HDL File        ; D:/comber/ADPLL/source/phasecomparator.v                                               ;         ;
; source/randomwalkfilter.v              ; yes             ; User Verilog HDL File        ; D:/comber/ADPLL/source/randomwalkfilter.v                                              ;         ;
; source/variableresetrandomwalkfilter.v ; yes             ; User Verilog HDL File        ; D:/comber/ADPLL/source/variableresetrandomwalkfilter.v                                 ;         ;
; lpm_divide.tdf                         ; yes             ; Megafunction                 ; d:/application/altera/quartus_15.0/quartus/libraries/megafunctions/lpm_divide.tdf      ;         ;
; abs_divider.inc                        ; yes             ; Megafunction                 ; d:/application/altera/quartus_15.0/quartus/libraries/megafunctions/abs_divider.inc     ;         ;
; sign_div_unsign.inc                    ; yes             ; Megafunction                 ; d:/application/altera/quartus_15.0/quartus/libraries/megafunctions/sign_div_unsign.inc ;         ;
; aglobal150.inc                         ; yes             ; Megafunction                 ; d:/application/altera/quartus_15.0/quartus/libraries/megafunctions/aglobal150.inc      ;         ;
; db/lpm_divide_jhm.tdf                  ; yes             ; Auto-Generated Megafunction  ; D:/comber/ADPLL/db/lpm_divide_jhm.tdf                                                  ;         ;
; db/sign_div_unsign_bkh.tdf             ; yes             ; Auto-Generated Megafunction  ; D:/comber/ADPLL/db/sign_div_unsign_bkh.tdf                                             ;         ;
; db/alt_u_div_a4f.tdf                   ; yes             ; Auto-Generated Megafunction  ; D:/comber/ADPLL/db/alt_u_div_a4f.tdf                                                   ;         ;
; db/add_sub_7pc.tdf                     ; yes             ; Auto-Generated Megafunction  ; D:/comber/ADPLL/db/add_sub_7pc.tdf                                                     ;         ;
; db/add_sub_8pc.tdf                     ; yes             ; Auto-Generated Megafunction  ; D:/comber/ADPLL/db/add_sub_8pc.tdf                                                     ;         ;
+----------------------------------------+-----------------+------------------------------+----------------------------------------------------------------------------------------+---------+


+---------------------------------------------------------------+
; Analysis & Synthesis Resource Usage Summary                   ;
+---------------------------------------------+-----------------+
; Resource                                    ; Usage           ;
+---------------------------------------------+-----------------+
; Estimated Total logic elements              ; 210             ;
;                                             ;                 ;
; Total combinational functions               ; 196             ;
; Logic element usage by number of LUT inputs ;                 ;
;     -- 4 input functions                    ; 40              ;
;     -- 3 input functions                    ; 61              ;
;     -- <=2 input functions                  ; 95              ;
;                                             ;                 ;
; Logic elements by mode                      ;                 ;
;     -- normal mode                          ; 109             ;
;     -- arithmetic mode                      ; 87              ;
;                                             ;                 ;
; Total registers                             ; 63              ;
;     -- Dedicated logic registers            ; 63              ;
;     -- I/O registers                        ; 0               ;
;                                             ;                 ;
; I/O pins                                    ; 27              ;
;                                             ;                 ;
; Embedded Multiplier 9-bit elements          ; 0               ;
;                                             ;                 ;
; Maximum fan-out node                        ; MainClock~input ;
; Maximum fan-out                             ; 52              ;
; Total fan-out                               ; 711             ;
; Average fan-out                             ; 2.27            ;
+---------------------------------------------+-----------------+


+---------------------------------------------------------------------------------------------------------------------------------------------------------------------------------------------------------------------------------------------------------------------------------+
; Analysis & Synthesis Resource Utilization by Entity                                                                                                                                                                                                                             ;
+----------------------------------------------+-------------------+--------------+-------------+--------------+---------+-----------+------+--------------+-------------------------------------------------------------------------------------------------------+--------------+
; Compilation Hierarchy Node                   ; LC Combinationals ; LC Registers ; Memory Bits ; DSP Elements ; DSP 9x9 ; DSP 18x18 ; Pins ; Virtual Pins ; Full Hierarchy Name                                                                                   ; Library Name ;
+----------------------------------------------+-------------------+--------------+-------------+--------------+---------+-----------+------+--------------+-------------------------------------------------------------------------------------------------------+--------------+
; |dpll                                        ; 196 (1)           ; 63 (0)       ; 0           ; 0            ; 0       ; 0         ; 27   ; 0            ; |dpll                                                                                                 ; work         ;
;    |freqdivider:inst_freqdiv|                ; 87 (87)           ; 14 (14)      ; 0           ; 0            ; 0       ; 0         ; 0    ; 0            ; |dpll|freqdivider:inst_freqdiv                                                                        ; work         ;
;    |lpm_divide:Div0|                         ; 51 (0)            ; 0 (0)        ; 0           ; 0            ; 0       ; 0         ; 0    ; 0            ; |dpll|lpm_divide:Div0                                                                                 ; work         ;
;       |lpm_divide_jhm:auto_generated|        ; 51 (0)            ; 0 (0)        ; 0           ; 0            ; 0       ; 0         ; 0    ; 0            ; |dpll|lpm_divide:Div0|lpm_divide_jhm:auto_generated                                                   ; work         ;
;          |sign_div_unsign_bkh:divider|       ; 51 (0)            ; 0 (0)        ; 0           ; 0            ; 0       ; 0         ; 0    ; 0            ; |dpll|lpm_divide:Div0|lpm_divide_jhm:auto_generated|sign_div_unsign_bkh:divider                       ; work         ;
;             |alt_u_div_a4f:divider|          ; 51 (51)           ; 0 (0)        ; 0           ; 0            ; 0       ; 0         ; 0    ; 0            ; |dpll|lpm_divide:Div0|lpm_divide_jhm:auto_generated|sign_div_unsign_bkh:divider|alt_u_div_a4f:divider ; work         ;
;    |phasecomparator:inst_ph_cmp|             ; 13 (13)           ; 25 (25)      ; 0           ; 0            ; 0       ; 0         ; 0    ; 0            ; |dpll|phasecomparator:inst_ph_cmp                                                                     ; work         ;
;    |variableresetrandomwalkfilter:inst_zrwf| ; 44 (31)           ; 24 (14)      ; 0           ; 0            ; 0       ; 0         ; 0    ; 0            ; |dpll|variableresetrandomwalkfilter:inst_zrwf                                                         ; work         ;
;       |randomwalkfilter:inst_M_F|            ; 13 (13)           ; 10 (10)      ; 0           ; 0            ; 0       ; 0         ; 0    ; 0            ; |dpll|variableresetrandomwalkfilter:inst_zrwf|randomwalkfilter:inst_M_F                               ; work         ;
+----------------------------------------------+-------------------+--------------+-------------+--------------+---------+-----------+------+--------------+-------------------------------------------------------------------------------------------------------+--------------+
Note: For table entries with two numbers listed, the numbers in parentheses indicate the number of resources of the given type used by the specific entity alone. The numbers listed outside of parentheses indicate the total resources of the given type used by the specific entity and all of its sub-entities in the hierarchy.


+-----------------------------------------------------------------------------------------+
; Registers Removed During Synthesis                                                      ;
+------------------------------------------------+----------------------------------------+
; Register name                                  ; Reason for Removal                     ;
+------------------------------------------------+----------------------------------------+
; freqdivider:inst_freqdiv|DividerMaxValue[5..7] ; Stuck at GND due to stuck port data_in ;
; Total Number of Removed Registers = 3          ;                                        ;
+------------------------------------------------+----------------------------------------+


+------------------------------------------------------+
; General Register Statistics                          ;
+----------------------------------------------+-------+
; Statistic                                    ; Value ;
+----------------------------------------------+-------+
; Total registers                              ; 63    ;
; Number of registers using Synchronous Clear  ; 8     ;
; Number of registers using Synchronous Load   ; 8     ;
; Number of registers using Asynchronous Clear ; 0     ;
; Number of registers using Asynchronous Load  ; 0     ;
; Number of registers using Clock Enable       ; 13    ;
; Number of registers using Preset             ; 0     ;
+----------------------------------------------+-------+


+--------------------------------------------------+
; Inverted Register Statistics                     ;
+----------------------------------------+---------+
; Inverted Register                      ; Fan out ;
+----------------------------------------+---------+
; phasecomparator:inst_ph_cmp|flag       ; 2       ;
; Total number of inverted registers = 1 ;         ;
+----------------------------------------+---------+


+--------------------------------------------------------------------------------------------------------------------------------------------------------------------------------+
; Multiplexer Restructuring Statistics (Restructuring Performed)                                                                                                                 ;
+--------------------+-----------+---------------+----------------------+------------------------+------------+------------------------------------------------------------------+
; Multiplexer Inputs ; Bus Width ; Baseline Area ; Area if Restructured ; Saving if Restructured ; Registered ; Example Multiplexer Output                                       ;
+--------------------+-----------+---------------+----------------------+------------------------+------------+------------------------------------------------------------------+
; 6:1                ; 6 bits    ; 24 LEs        ; 12 LEs               ; 12 LEs                 ; Yes        ; |dpll|freqdivider:inst_freqdiv|DividerCounter[4]                 ;
; 6:1                ; 4 bits    ; 16 LEs        ; 4 LEs                ; 12 LEs                 ; Yes        ; |dpll|variableresetrandomwalkfilter:inst_zrwf|ResetterCounter[1] ;
+--------------------+-----------+---------------+----------------------+------------------------+------------+------------------------------------------------------------------+


+----------------------------------------------------------------------+
; Parameter Settings for User Entity Instance: Top-level Entity: |dpll ;
+-----------------+-------+--------------------------------------------+
; Parameter Name  ; Value ; Type                                       ;
+-----------------+-------+--------------------------------------------+
; DividerMultiple ; 10    ; Signed Integer                             ;
+-----------------+-------+--------------------------------------------+
Note: In order to hide this table in the UI and the text report file, please set the "Show Parameter Settings in Synthesis Report" option in "Analysis and Synthesis Settings -> More Settings" to "Off".


+--------------------------------------------------------------------------------------+
; Parameter Settings for User Entity Instance: variableresetrandomwalkfilter:inst_zrwf ;
+-------------------------+-------+----------------------------------------------------+
; Parameter Name          ; Value ; Type                                               ;
+-------------------------+-------+----------------------------------------------------+
; N_FilterLength          ; 8     ; Signed Integer                                     ;
; N_FilterResetValue      ; 8     ; Signed Integer                                     ;
; N_FilterMaxValue        ; 8     ; Signed Integer                                     ;
; N_FilterMinValue        ; 248   ; Signed Integer                                     ;
; ResetterCounterLength   ; 4     ; Signed Integer                                     ;
; ResetterCounterMaxValue ; 3     ; Signed Integer                                     ;
; ResetterCounterMinValue ; 13    ; Signed Integer                                     ;
+-------------------------+-------+----------------------------------------------------+
Note: In order to hide this table in the UI and the text report file, please set the "Show Parameter Settings in Synthesis Report" option in "Analysis and Synthesis Settings -> More Settings" to "Off".


+----------------------------------------------------------------------------------------------------------------+
; Parameter Settings for User Entity Instance: variableresetrandomwalkfilter:inst_zrwf|randomwalkfilter:inst_M_F ;
+------------------+-------+-------------------------------------------------------------------------------------+
; Parameter Name   ; Value ; Type                                                                                ;
+------------------+-------+-------------------------------------------------------------------------------------+
; FilterLength     ; 8     ; Signed Integer                                                                      ;
; FilterResetValue ; 32    ; Signed Integer                                                                      ;
; FilterMaxValue   ; 32    ; Signed Integer                                                                      ;
; FilterMinValue   ; 224   ; Signed Integer                                                                      ;
+------------------+-------+-------------------------------------------------------------------------------------+
Note: In order to hide this table in the UI and the text report file, please set the "Show Parameter Settings in Synthesis Report" option in "Analysis and Synthesis Settings -> More Settings" to "Off".


+-----------------------------------------------------------------------+
; Parameter Settings for User Entity Instance: freqdivider:inst_freqdiv ;
+----------------+-------+----------------------------------------------+
; Parameter Name ; Value ; Type                                         ;
+----------------+-------+----------------------------------------------+
; DividerLength  ; 7     ; Signed Integer                               ;
+----------------+-------+----------------------------------------------+
Note: In order to hide this table in the UI and the text report file, please set the "Show Parameter Settings in Synthesis Report" option in "Analysis and Synthesis Settings -> More Settings" to "Off".


+------------------------------------------------------------------+
; Parameter Settings for Inferred Entity Instance: lpm_divide:Div0 ;
+------------------------+----------------+------------------------+
; Parameter Name         ; Value          ; Type                   ;
+------------------------+----------------+------------------------+
; LPM_WIDTHN             ; 8              ; Untyped                ;
; LPM_WIDTHD             ; 4              ; Untyped                ;
; LPM_NREPRESENTATION    ; UNSIGNED       ; Untyped                ;
; LPM_DREPRESENTATION    ; UNSIGNED       ; Untyped                ;
; LPM_PIPELINE           ; 0              ; Untyped                ;
; LPM_REMAINDERPOSITIVE  ; TRUE           ; Untyped                ;
; MAXIMIZE_SPEED         ; 5              ; Untyped                ;
; CBXI_PARAMETER         ; lpm_divide_jhm ; Untyped                ;
; CARRY_CHAIN            ; MANUAL         ; Untyped                ;
; OPTIMIZE_FOR_SPEED     ; 5              ; Untyped                ;
; AUTO_CARRY_CHAINS      ; ON             ; AUTO_CARRY             ;
; IGNORE_CARRY_BUFFERS   ; OFF            ; IGNORE_CARRY           ;
; AUTO_CASCADE_CHAINS    ; ON             ; AUTO_CASCADE           ;
; IGNORE_CASCADE_BUFFERS ; OFF            ; IGNORE_CASCADE         ;
+------------------------+----------------+------------------------+
Note: In order to hide this table in the UI and the text report file, please set the "Show Parameter Settings in Synthesis Report" option in "Analysis and Synthesis Settings -> More Settings" to "Off".


+-------------------------------------------------------------------------------------------------------------------------------------------------------------------------------------------------------------------------+
; Port Connectivity Checks: "freqdivider:inst_freqdiv"                                                                                                                                                                    ;
+----------------+--------+----------+------------------------------------------------------------------------------------------------------------------------------------------------------------------------------------+
; Port           ; Type   ; Severity ; Details                                                                                                                                                                            ;
+----------------+--------+----------+------------------------------------------------------------------------------------------------------------------------------------------------------------------------------------+
; DividerMax     ; Input  ; Warning  ; Input port expression (32 bits) is wider than the input port (8 bits) it drives.  The 24 most-significant bit(s) in the expression will be dangling if they have no other fanouts. ;
; DividerCounter ; Output ; Warning  ; Declared by entity but not connected by instance. Logic that only feeds a dangling port will be removed.                                                                           ;
+----------------+--------+----------+------------------------------------------------------------------------------------------------------------------------------------------------------------------------------------+


+------------------------------------------------------------------------------------------------------------------------------------------------+
; Port Connectivity Checks: "variableresetrandomwalkfilter:inst_zrwf"                                                                            ;
+-----------------+--------+----------+----------------------------------------------------------------------------------------------------------+
; Port            ; Type   ; Severity ; Details                                                                                                  ;
+-----------------+--------+----------+----------------------------------------------------------------------------------------------------------+
; N_FilterCounter ; Output ; Warning  ; Declared by entity but not connected by instance. Logic that only feeds a dangling port will be removed. ;
; ResetterValue   ; Output ; Warning  ; Declared by entity but not connected by instance. Logic that only feeds a dangling port will be removed. ;
; ResetterCounter ; Output ; Warning  ; Declared by entity but not connected by instance. Logic that only feeds a dangling port will be removed. ;
+-----------------+--------+----------+----------------------------------------------------------------------------------------------------------+


+-----------------------------------------------------+
; Post-Synthesis Netlist Statistics for Top Partition ;
+-----------------------+-----------------------------+
; Type                  ; Count                       ;
+-----------------------+-----------------------------+
; boundary_port         ; 27                          ;
; cycloneiii_ff         ; 63                          ;
;     ENA               ; 13                          ;
;     SCLR              ; 8                           ;
;     SLD               ; 8                           ;
;     plain             ; 34                          ;
; cycloneiii_lcell_comb ; 197                         ;
;     arith             ; 87                          ;
;         1 data inputs ; 9                           ;
;         2 data inputs ; 31                          ;
;         3 data inputs ; 47                          ;
;     normal            ; 110                         ;
;         0 data inputs ; 9                           ;
;         1 data inputs ; 8                           ;
;         2 data inputs ; 39                          ;
;         3 data inputs ; 14                          ;
;         4 data inputs ; 40                          ;
;                       ;                             ;
; Max LUT depth         ; 10.90                       ;
; Average LUT depth     ; 5.11                        ;
+-----------------------+-----------------------------+


+-------------------------------+
; Elapsed Time Per Partition    ;
+----------------+--------------+
; Partition Name ; Elapsed Time ;
+----------------+--------------+
; Top            ; 00:00:01     ;
+----------------+--------------+


+-------------------------------+
; Analysis & Synthesis Messages ;
+-------------------------------+
Info: *******************************************************************
Info: Running Quartus II 64-Bit Analysis & Synthesis
    Info: Version 15.0.0 Build 145 04/22/2015 SJ Full Version
    Info: Processing started: Wed Sep 08 19:31:46 2021
Info: Command: quartus_map --read_settings_files=on --write_settings_files=off dpll -c dpll
Info (11104): Parallel Compilation has detected 12 hyper-threaded processors. However, the extra hyper-threaded processors will not be used by default. Parallel Compilation will use 6 of the 6 physical processors detected instead.
Info (12021): Found 1 design units, including 1 entities, in source file source/dpll.v
    Info (12023): Found entity 1: dpll
Info (12021): Found 1 design units, including 1 entities, in source file source/freqdivider.v
    Info (12023): Found entity 1: freqdivider
Info (12021): Found 1 design units, including 1 entities, in source file source/phasecomparator.v
    Info (12023): Found entity 1: phasecomparator
Info (12021): Found 1 design units, including 1 entities, in source file source/randomwalkfilter.v
    Info (12023): Found entity 1: randomwalkfilter
Info (12021): Found 1 design units, including 1 entities, in source file source/variableresetrandomwalkfilter.v
    Info (12023): Found entity 1: variableresetrandomwalkfilter
Info (12127): Elaborating entity "dpll" for the top level hierarchy
Info (12128): Elaborating entity "phasecomparator" for hierarchy "phasecomparator:inst_ph_cmp"
Warning (10230): Verilog HDL assignment warning at phasecomparator.v(51): truncated value with size 32 to match size of target (8)
Info (12128): Elaborating entity "variableresetrandomwalkfilter" for hierarchy "variableresetrandomwalkfilter:inst_zrwf"
Warning (10230): Verilog HDL assignment warning at variableresetrandomwalkfilter.v(47): truncated value with size 32 to match size of target (4)
Warning (10230): Verilog HDL assignment warning at variableresetrandomwalkfilter.v(52): truncated value with size 32 to match size of target (4)
Warning (10230): Verilog HDL assignment warning at variableresetrandomwalkfilter.v(63): truncated value with size 32 to match size of target (8)
Warning (10230): Verilog HDL assignment warning at variableresetrandomwalkfilter.v(64): truncated value with size 32 to match size of target (8)
Warning (10230): Verilog HDL assignment warning at variableresetrandomwalkfilter.v(65): truncated value with size 32 to match size of target (8)
Warning (10230): Verilog HDL assignment warning at variableresetrandomwalkfilter.v(82): truncated value with size 32 to match size of target (8)
Warning (10230): Verilog HDL assignment warning at variableresetrandomwalkfilter.v(83): truncated value with size 32 to match size of target (8)
Info (12128): Elaborating entity "randomwalkfilter" for hierarchy "variableresetrandomwalkfilter:inst_zrwf|randomwalkfilter:inst_M_F"
Warning (10230): Verilog HDL assignment warning at randomwalkfilter.v(31): truncated value with size 32 to match size of target (8)
Warning (10230): Verilog HDL assignment warning at randomwalkfilter.v(32): truncated value with size 32 to match size of target (8)
Info (12128): Elaborating entity "freqdivider" for hierarchy "freqdivider:inst_freqdiv"
Warning (10230): Verilog HDL assignment warning at freqdivider.v(54): truncated value with size 32 to match size of target (7)
Warning (10230): Verilog HDL assignment warning at freqdivider.v(73): truncated value with size 32 to match size of target (7)
Info (278001): Inferred 1 megafunctions from design logic
    Info (278004): Inferred divider/modulo megafunction ("lpm_divide") from the following logic: "Div0"
Info (12130): Elaborated megafunction instantiation "lpm_divide:Div0"
Info (12133): Instantiated megafunction "lpm_divide:Div0" with the following parameter:
    Info (12134): Parameter "LPM_WIDTHN" = "8"
    Info (12134): Parameter "LPM_WIDTHD" = "4"
    Info (12134): Parameter "LPM_NREPRESENTATION" = "UNSIGNED"
    Info (12134): Parameter "LPM_DREPRESENTATION" = "UNSIGNED"
Info (12021): Found 1 design units, including 1 entities, in source file db/lpm_divide_jhm.tdf
    Info (12023): Found entity 1: lpm_divide_jhm
Info (12021): Found 1 design units, including 1 entities, in source file db/sign_div_unsign_bkh.tdf
    Info (12023): Found entity 1: sign_div_unsign_bkh
Info (12021): Found 1 design units, including 1 entities, in source file db/alt_u_div_a4f.tdf
    Info (12023): Found entity 1: alt_u_div_a4f
Info (12021): Found 1 design units, including 1 entities, in source file db/add_sub_7pc.tdf
    Info (12023): Found entity 1: add_sub_7pc
Info (12021): Found 1 design units, including 1 entities, in source file db/add_sub_8pc.tdf
    Info (12023): Found entity 1: add_sub_8pc
Warning (12241): 2 hierarchies have connectivity warnings - see the Connectivity Checks report folder
Warning (13024): Output pins are stuck at VCC or GND
    Warning (13410): Pin "DividerMaxValue[5]" is stuck at GND
    Warning (13410): Pin "DividerMaxValue[6]" is stuck at GND
    Warning (13410): Pin "DividerMaxValue[7]" is stuck at GND
Info (286030): Timing-Driven Synthesis is running
Info (144001): Generated suppressed messages file D:/comber/ADPLL/output_files/dpll.map.smsg
Info (16010): Generating hard_block partition "hard_block:auto_generated_inst"
    Info (16011): Adding 0 node(s), including 0 DDIO, 0 PLL, 0 transceiver and 0 LCELL
Info (21057): Implemented 238 device resources after synthesis - the final resource count might be different
    Info (21058): Implemented 2 input pins
    Info (21059): Implemented 25 output pins
    Info (21061): Implemented 211 logic cells
Info: Quartus II 64-Bit Analysis & Synthesis was successful. 0 errors, 17 warnings
    Info: Peak virtual memory: 4859 megabytes
    Info: Processing ended: Wed Sep 08 19:31:56 2021
    Info: Elapsed time: 00:00:10
    Info: Total CPU time (on all processors): 00:00:25


+------------------------------------------+
; Analysis & Synthesis Suppressed Messages ;
+------------------------------------------+
The suppressed messages can be found in D:/comber/ADPLL/output_files/dpll.map.smsg.


